[debug] [2024-04-25T13:59:34.725Z] ----------------------------------------------------------------------
[debug] [2024-04-25T13:59:34.730Z] Command:       C:\Program Files\nodejs\node.exe C:\Users\chamikara mendis\AppData\Roaming\npm\node_modules\firebase-tools\lib\bin\firebase.js deploy
[debug] [2024-04-25T13:59:34.731Z] CLI Version:   13.7.1
[debug] [2024-04-25T13:59:34.731Z] Platform:      win32
[debug] [2024-04-25T13:59:34.732Z] Node Version:  v20.11.1
[debug] [2024-04-25T13:59:34.732Z] Time:          Thu Apr 25 2024 19:29:34 GMT+0530 (India Standard Time)
[debug] [2024-04-25T13:59:34.732Z] ----------------------------------------------------------------------
[debug] 
[debug] [2024-04-25T13:59:34.979Z] > command requires scopes: ["email","openid","https://www.googleapis.com/auth/cloudplatformprojects.readonly","https://www.googleapis.com/auth/firebase","https://www.googleapis.com/auth/cloud-platform"]
[debug] [2024-04-25T13:59:34.980Z] > authorizing via signed-in user (chamikara98@gmail.com)
[debug] [2024-04-25T13:59:34.980Z] [iam] checking project serene-sl for permissions ["cloudfunctions.functions.create","cloudfunctions.functions.delete","cloudfunctions.functions.get","cloudfunctions.functions.list","cloudfunctions.functions.update","cloudfunctions.operations.get","firebase.projects.get"]
[debug] [2024-04-25T13:59:34.986Z] > refreshing access token with scopes: []
[debug] [2024-04-25T13:59:34.991Z] >>> [apiv2][query] POST https://www.googleapis.com/oauth2/v3/token [none]
[debug] [2024-04-25T13:59:34.991Z] >>> [apiv2][body] POST https://www.googleapis.com/oauth2/v3/token [omitted]
[debug] [2024-04-25T13:59:35.549Z] <<< [apiv2][status] POST https://www.googleapis.com/oauth2/v3/token 200
[debug] [2024-04-25T13:59:35.549Z] <<< [apiv2][body] POST https://www.googleapis.com/oauth2/v3/token [omitted]
[debug] [2024-04-25T13:59:35.562Z] >>> [apiv2][query] POST https://cloudresourcemanager.googleapis.com/v1/projects/serene-sl:testIamPermissions [none]
[debug] [2024-04-25T13:59:35.562Z] >>> [apiv2][(partial)header] POST https://cloudresourcemanager.googleapis.com/v1/projects/serene-sl:testIamPermissions x-goog-quota-user=projects/serene-sl
[debug] [2024-04-25T13:59:35.563Z] >>> [apiv2][body] POST https://cloudresourcemanager.googleapis.com/v1/projects/serene-sl:testIamPermissions {"permissions":["cloudfunctions.functions.create","cloudfunctions.functions.delete","cloudfunctions.functions.get","cloudfunctions.functions.list","cloudfunctions.functions.update","cloudfunctions.operations.get","firebase.projects.get"]}
[debug] [2024-04-25T13:59:37.316Z] <<< [apiv2][status] POST https://cloudresourcemanager.googleapis.com/v1/projects/serene-sl:testIamPermissions 200
[debug] [2024-04-25T13:59:37.316Z] <<< [apiv2][body] POST https://cloudresourcemanager.googleapis.com/v1/projects/serene-sl:testIamPermissions {"permissions":["cloudfunctions.functions.create","cloudfunctions.functions.delete","cloudfunctions.functions.get","cloudfunctions.functions.list","cloudfunctions.functions.update","cloudfunctions.operations.get","firebase.projects.get"]}
[debug] [2024-04-25T13:59:37.317Z] >>> [apiv2][query] POST https://iam.googleapis.com/v1/projects/serene-sl/serviceAccounts/serene-sl@appspot.gserviceaccount.com:testIamPermissions [none]
[debug] [2024-04-25T13:59:37.317Z] >>> [apiv2][body] POST https://iam.googleapis.com/v1/projects/serene-sl/serviceAccounts/serene-sl@appspot.gserviceaccount.com:testIamPermissions {"permissions":["iam.serviceAccounts.actAs"]}
[debug] [2024-04-25T13:59:39.207Z] <<< [apiv2][status] POST https://iam.googleapis.com/v1/projects/serene-sl/serviceAccounts/serene-sl@appspot.gserviceaccount.com:testIamPermissions 200
[debug] [2024-04-25T13:59:39.207Z] <<< [apiv2][body] POST https://iam.googleapis.com/v1/projects/serene-sl/serviceAccounts/serene-sl@appspot.gserviceaccount.com:testIamPermissions {"permissions":["iam.serviceAccounts.actAs"]}
[info] 
[info] === Deploying to 'serene-sl'...
[info] 
[info] i  deploying functions 
[debug] [2024-04-25T13:59:39.212Z] >>> [apiv2][query] GET https://firebase.googleapis.com/v1beta1/projects/serene-sl [none]
[debug] [2024-04-25T13:59:40.285Z] <<< [apiv2][status] GET https://firebase.googleapis.com/v1beta1/projects/serene-sl 200
[debug] [2024-04-25T13:59:40.285Z] <<< [apiv2][body] GET https://firebase.googleapis.com/v1beta1/projects/serene-sl {"projectId":"serene-sl","projectNumber":"1010173675366","displayName":"Serene SL","name":"projects/serene-sl","resources":{"hostingSite":"serene-sl","storageBucket":"serene-sl.appspot.com","locationId":"us-central"},"state":"ACTIVE","etag":"1_e25b3f3d-77ea-4a69-ab9c-8616368460cf"}
[info] i  functions: preparing codebase default for deployment 
[info] i  functions: ensuring required API cloudfunctions.googleapis.com is enabled... 
[info] i  functions: ensuring required API cloudbuild.googleapis.com is enabled... 
[info] i  artifactregistry: ensuring required API artifactregistry.googleapis.com is enabled... 
[debug] [2024-04-25T13:59:40.291Z] >>> [apiv2][query] GET https://serviceusage.googleapis.com/v1/projects/serene-sl/services/cloudfunctions.googleapis.com [none]
[debug] [2024-04-25T13:59:40.291Z] >>> [apiv2][(partial)header] GET https://serviceusage.googleapis.com/v1/projects/serene-sl/services/cloudfunctions.googleapis.com x-goog-quota-user=projects/serene-sl
[debug] [2024-04-25T13:59:40.292Z] >>> [apiv2][query] GET https://serviceusage.googleapis.com/v1/projects/serene-sl/services/runtimeconfig.googleapis.com [none]
[debug] [2024-04-25T13:59:40.293Z] >>> [apiv2][(partial)header] GET https://serviceusage.googleapis.com/v1/projects/serene-sl/services/runtimeconfig.googleapis.com x-goog-quota-user=projects/serene-sl
[debug] [2024-04-25T13:59:40.294Z] >>> [apiv2][query] GET https://serviceusage.googleapis.com/v1/projects/serene-sl/services/cloudbuild.googleapis.com [none]
[debug] [2024-04-25T13:59:40.294Z] >>> [apiv2][(partial)header] GET https://serviceusage.googleapis.com/v1/projects/serene-sl/services/cloudbuild.googleapis.com x-goog-quota-user=projects/serene-sl
[debug] [2024-04-25T13:59:40.296Z] >>> [apiv2][query] GET https://serviceusage.googleapis.com/v1/projects/serene-sl/services/artifactregistry.googleapis.com [none]
[debug] [2024-04-25T13:59:40.296Z] >>> [apiv2][(partial)header] GET https://serviceusage.googleapis.com/v1/projects/serene-sl/services/artifactregistry.googleapis.com x-goog-quota-user=projects/serene-sl
[debug] [2024-04-25T13:59:42.422Z] <<< [apiv2][status] GET https://serviceusage.googleapis.com/v1/projects/serene-sl/services/cloudfunctions.googleapis.com 200
[debug] [2024-04-25T13:59:42.423Z] <<< [apiv2][body] GET https://serviceusage.googleapis.com/v1/projects/serene-sl/services/cloudfunctions.googleapis.com [omitted]
[info] +  functions: required API cloudfunctions.googleapis.com is enabled 
[debug] [2024-04-25T13:59:42.426Z] <<< [apiv2][status] GET https://serviceusage.googleapis.com/v1/projects/serene-sl/services/runtimeconfig.googleapis.com 200
[debug] [2024-04-25T13:59:42.427Z] <<< [apiv2][body] GET https://serviceusage.googleapis.com/v1/projects/serene-sl/services/runtimeconfig.googleapis.com [omitted]
[debug] [2024-04-25T13:59:42.441Z] <<< [apiv2][status] GET https://serviceusage.googleapis.com/v1/projects/serene-sl/services/cloudbuild.googleapis.com 200
[debug] [2024-04-25T13:59:42.441Z] <<< [apiv2][body] GET https://serviceusage.googleapis.com/v1/projects/serene-sl/services/cloudbuild.googleapis.com [omitted]
[info] +  functions: required API cloudbuild.googleapis.com is enabled 
[debug] [2024-04-25T13:59:42.443Z] <<< [apiv2][status] GET https://serviceusage.googleapis.com/v1/projects/serene-sl/services/artifactregistry.googleapis.com 200
[debug] [2024-04-25T13:59:42.443Z] <<< [apiv2][body] GET https://serviceusage.googleapis.com/v1/projects/serene-sl/services/artifactregistry.googleapis.com [omitted]
[info] +  artifactregistry: required API artifactregistry.googleapis.com is enabled 
[debug] [2024-04-25T13:59:42.444Z] >>> [apiv2][query] GET https://firebase.googleapis.com/v1beta1/projects/serene-sl/adminSdkConfig [none]
[debug] [2024-04-25T13:59:45.352Z] <<< [apiv2][status] GET https://firebase.googleapis.com/v1beta1/projects/serene-sl/adminSdkConfig 200
[debug] [2024-04-25T13:59:45.352Z] <<< [apiv2][body] GET https://firebase.googleapis.com/v1beta1/projects/serene-sl/adminSdkConfig {"projectId":"serene-sl","storageBucket":"serene-sl.appspot.com","locationId":"us-central"}
[debug] [2024-04-25T13:59:45.353Z] >>> [apiv2][query] GET https://runtimeconfig.googleapis.com/v1beta1/projects/serene-sl/configs [none]
[debug] [2024-04-25T13:59:47.537Z] <<< [apiv2][status] GET https://runtimeconfig.googleapis.com/v1beta1/projects/serene-sl/configs 200
[debug] [2024-04-25T13:59:47.537Z] <<< [apiv2][body] GET https://runtimeconfig.googleapis.com/v1beta1/projects/serene-sl/configs {}
[debug] [2024-04-25T13:59:47.542Z] Validating nodejs source
[warn] !  functions: package.json indicates an outdated version of firebase-functions. Please upgrade using npm install --save firebase-functions@latest in your functions directory. 
[debug] [2024-04-25T13:59:51.720Z] > [functions] package.json contents: {
  "name": "functions",
  "description": "Cloud Functions for Firebase",
  "scripts": {
    "serve": "firebase emulators:start --only functions",
    "shell": "firebase functions:shell",
    "start": "npm run shell",
    "deploy": "firebase deploy --only functions",
    "logs": "firebase functions:log"
  },
  "engines": {
    "node": "18"
  },
  "main": "index.js",
  "dependencies": {
    "cors": "^2.8.5",
    "express": "^4.19.2",
    "firebase-admin": "^11.8.0",
    "firebase-functions": "^4.3.1"
  },
  "devDependencies": {
    "firebase-functions-test": "^3.1.0"
  },
  "private": true
}
[debug] [2024-04-25T13:59:51.721Z] Building nodejs source
[info] i  functions: Loading and analyzing source code for codebase default to determine what to deploy 
[debug] [2024-04-25T13:59:51.723Z] Could not find functions.yaml. Must use http discovery
[debug] [2024-04-25T13:59:51.743Z] Found firebase-functions binary at 'C:\Users\chamikara mendis\Documents\development\react\serene-sl\server\functions\node_modules\.bin\firebase-functions'
[info] Serving at port 8971

